c:\users\user\desktop\team5_pro2 (4)\debug\team5_pro2.pch
c:\users\user\desktop\team5_pro2 (4)\debug\vc141.pdb
c:\users\user\desktop\team5_pro2 (4)\debug\vc141.idb
c:\users\user\desktop\team5_pro2 (4)\debug\stdafx.obj
c:\users\user\desktop\team5_pro2 (4)\debug\team5_pro2dlg.obj
c:\users\user\desktop\team5_pro2 (4)\debug\team5_pro2.obj
c:\users\user\desktop\team5_pro2 (4)\debug\cminethirddlg.obj
c:\users\user\desktop\team5_pro2 (4)\debug\cmineseconddlg.obj
c:\users\user\desktop\team5_pro2 (4)\debug\cminefirstdlg.obj
c:\users\user\desktop\team5_pro2 (4)\debug\cclickadvicedlg.obj
c:\users\user\desktop\team5_pro2 (4)\debug\team5_pro2.exe
c:\users\user\desktop\team5_pro2 (4)\debug\team5_pro2.ilk
c:\users\user\desktop\team5_pro2 (4)\debug\team5_pro2.pdb
c:\users\user\desktop\team5_pro2 (4)\debug\team5pro2.res
c:\users\user\desktop\team5_pro2 (4)\debug\team5_pro2.tlog\cl.command.1.tlog
c:\users\user\desktop\team5_pro2 (4)\debug\team5_pro2.tlog\cl.read.1.tlog
c:\users\user\desktop\team5_pro2 (4)\debug\team5_pro2.tlog\cl.write.1.tlog
c:\users\user\desktop\team5_pro2 (4)\debug\team5_pro2.tlog\link.command.1.tlog
c:\users\user\desktop\team5_pro2 (4)\debug\team5_pro2.tlog\link.read.1.tlog
c:\users\user\desktop\team5_pro2 (4)\debug\team5_pro2.tlog\link.write.1.tlog
c:\users\user\desktop\team5_pro2 (4)\debug\team5_pro2.tlog\rc.command.1.tlog
c:\users\user\desktop\team5_pro2 (4)\debug\team5_pro2.tlog\rc.read.1.tlog
c:\users\user\desktop\team5_pro2 (4)\debug\team5_pro2.tlog\rc.write.1.tlog
